2015-11-11 10:30:06 - MOD: Modification Default
FILE: system/engine/action.php
REGEX: ~(require|include)(_once)?\(([^)]+)~
LINE: 39
FILE: system/engine/loader.php
REGEX: ~(require|include)(_once)?\(([^)]+)~
LINE: 20
LINE: 59
LINE: 80
LINE: 99
FILE: system/library/config.php
REGEX: ~(require|include)(_once)?\(([^)]+)~
LINE: 23
FILE: system/library/language.php
REGEX: ~(require|include)(_once)?\(([^)]+)~
LINE: 25
LINE: 31
----------------------------------------------------------------
MOD: Tweak for OpenCart 2x Russkaya sborka
FILE: admin/view/template/common/header.tpl
CODE: <?php foreach ($links as $link) { ?>
LINE: 35
CODE: <script type="text/javascript" src="view/javascript/summernote/summernote.js"></script>
LINE: 18
CODE: <li><a href="http://www.opencart.com" target="_blank"><?php echo $text_homepage; ?></a></li>
LINE: 80
CODE: <li><a href="http://docs.opencart.com" target="_blank"><?php echo $text_documentation; ?></a></li>
LINE: 83
CODE: <li><a href="http://forum.opencart.com" target="_blank"><?php echo $text_support; ?></a></li>
LINE: 86
FILE: admin/view/template/catalog/product_form.tpl
CODE: <label class="col-sm-2 control-label" for="input-sku"><span data-toggle="tooltip" title="<?php echo $help_sku; ?>"><?php echo $entry_sku; ?></span></label>
LINE: 116
CODE: <label class="col-sm-2 control-label" for="input-sku">
LINE: 122
CODE: <label class="col-sm-2 control-label" for="input-location"><?php echo $entry_location; ?></label>
LINE: 162
CODE: <input type="text" name="model" value="<?php echo $model; ?>" placeholder="<?php echo $entry_model; ?>" id="input-model" class="form-control" />
LINE: 108
FILE: admin/view/template/common/menu.tpl
CODE: <li><a href="<?php echo $analytics; ?>"><?php echo $text_analytics; ?></a></li>
LINE: 25
CODE: <li><a href="<?php echo $total; ?>"><?php echo $text_total; ?></a></li>
LINE: 36
FILE: admin/model/catalog/category.php
CODE: if (isset($data['keyword'])) {
LINE: 49
FILE: admin/controller/tool/backup.php
CODE: $data['entry_backup'] = $this->language->get('entry_backup');
LINE: 38
FILE: admin/controller\tool\error_log.php
CODE: $this->response->addheader('Content-Disposition: attachment; filename=' . $this->config->get('config_name') . '_' . date('Y-m-d_H-i-s', time()) . '_error.log');
LINE: 95
FILE: admin/view/template/design/banner_form.tpl
CODE: html += '  <td class="text-right" style="width: 10%;><input type="text" name="banner_image[' + image_row + '][sort_order]" value="" placeholder="<?php echo $entry_sort_order; ?>" class="form-control" /></td>';
LINE: 106
----------------------------------------------------------------
Modification::refresh - Processing 'News'
Modification::refresh - Done 'News'
----------------------------------------------------------------
MOD: News
CODE: <li><a href="<?php echo $feed; ?>"><?php echo $text_feed; ?></a></li>
LINE: 35
CODE: $data['feed'] = $this->url->link('extension/feed', 'token=' . $this->session->data['token'], 'SSL');
LINE: 132
CODE: $data['text_account']
NOT FOUND!
CODE: $_
LINE: 7
CODE: $_
LINE: 7
CODE: <li><a href="<?php echo $voucher; ?>"><?php echo $text_voucher; ?></a></li>
LINE: 31
CODE: if ($url[0] == 'information_id') {
LINE: 42
CODE: } elseif (isset($this->request->get['information_id'])) {
LINE: 72
CODE: if (($data['route'] == 'product/product' && $key == 'product_id') || (($data['route'] == 'product/manufacturer/info' || $data['route'] == 'product/product') && $key == 'manufacturer_id') || ($data['route'] == 'information/information' && $key == 'information_id')) {
NOT FOUND!
CODE: if ($query->row['query'] && $url[0] != 'information_id' && $url[0] != 'manufacturer_id' && $url[0] != 'category_id' && $url[0] != 'product_id') {
NOT FOUND!
CODE: function index()
LINE: 7
CODE: <?php if ($error_install) { ?>
LINE: 35
----------------------------------------------------------------
2015-11-11 10:30:32 - MOD: Modification Default
FILE: system/engine/action.php
REGEX: ~(require|include)(_once)?\(([^)]+)~
LINE: 39
FILE: system/engine/loader.php
REGEX: ~(require|include)(_once)?\(([^)]+)~
LINE: 20
LINE: 59
LINE: 80
LINE: 99
FILE: system/library/config.php
REGEX: ~(require|include)(_once)?\(([^)]+)~
LINE: 23
FILE: system/library/language.php
REGEX: ~(require|include)(_once)?\(([^)]+)~
LINE: 25
LINE: 31
----------------------------------------------------------------
MOD: Tweak for OpenCart 2x Russkaya sborka
FILE: admin/view/template/common/header.tpl
CODE: <?php foreach ($links as $link) { ?>
LINE: 35
CODE: <script type="text/javascript" src="view/javascript/summernote/summernote.js"></script>
LINE: 18
CODE: <li><a href="http://www.opencart.com" target="_blank"><?php echo $text_homepage; ?></a></li>
LINE: 80
CODE: <li><a href="http://docs.opencart.com" target="_blank"><?php echo $text_documentation; ?></a></li>
LINE: 83
CODE: <li><a href="http://forum.opencart.com" target="_blank"><?php echo $text_support; ?></a></li>
LINE: 86
FILE: admin/view/template/catalog/product_form.tpl
CODE: <label class="col-sm-2 control-label" for="input-sku"><span data-toggle="tooltip" title="<?php echo $help_sku; ?>"><?php echo $entry_sku; ?></span></label>
LINE: 116
CODE: <label class="col-sm-2 control-label" for="input-sku">
LINE: 122
CODE: <label class="col-sm-2 control-label" for="input-location"><?php echo $entry_location; ?></label>
LINE: 162
CODE: <input type="text" name="model" value="<?php echo $model; ?>" placeholder="<?php echo $entry_model; ?>" id="input-model" class="form-control" />
LINE: 108
FILE: admin/view/template/common/menu.tpl
CODE: <li><a href="<?php echo $analytics; ?>"><?php echo $text_analytics; ?></a></li>
LINE: 25
CODE: <li><a href="<?php echo $total; ?>"><?php echo $text_total; ?></a></li>
LINE: 36
FILE: admin/model/catalog/category.php
CODE: if (isset($data['keyword'])) {
LINE: 49
FILE: admin/controller/tool/backup.php
CODE: $data['entry_backup'] = $this->language->get('entry_backup');
LINE: 38
FILE: admin/controller\tool\error_log.php
CODE: $this->response->addheader('Content-Disposition: attachment; filename=' . $this->config->get('config_name') . '_' . date('Y-m-d_H-i-s', time()) . '_error.log');
LINE: 95
FILE: admin/view/template/design/banner_form.tpl
CODE: html += '  <td class="text-right" style="width: 10%;><input type="text" name="banner_image[' + image_row + '][sort_order]" value="" placeholder="<?php echo $entry_sort_order; ?>" class="form-control" /></td>';
LINE: 106
----------------------------------------------------------------
Modification::refresh - Processing 'News'
Modification::refresh - Done 'News'
----------------------------------------------------------------
MOD: News
CODE: <li><a href="<?php echo $feed; ?>"><?php echo $text_feed; ?></a></li>
LINE: 35
CODE: $data['feed'] = $this->url->link('extension/feed', 'token=' . $this->session->data['token'], 'SSL');
LINE: 132
CODE: $data['text_account']
NOT FOUND!
CODE: $_
LINE: 7
CODE: $_
LINE: 7
CODE: <li><a href="<?php echo $voucher; ?>"><?php echo $text_voucher; ?></a></li>
LINE: 31
CODE: if ($url[0] == 'information_id') {
LINE: 42
CODE: } elseif (isset($this->request->get['information_id'])) {
LINE: 72
CODE: if (($data['route'] == 'product/product' && $key == 'product_id') || (($data['route'] == 'product/manufacturer/info' || $data['route'] == 'product/product') && $key == 'manufacturer_id') || ($data['route'] == 'information/information' && $key == 'information_id')) {
NOT FOUND!
CODE: if ($query->row['query'] && $url[0] != 'information_id' && $url[0] != 'manufacturer_id' && $url[0] != 'category_id' && $url[0] != 'product_id') {
NOT FOUND!
CODE: function index()
LINE: 7
CODE: <?php if ($error_install) { ?>
LINE: 35
----------------------------------------------------------------
2015-11-11 10:30:45 - MOD: Modification Default
FILE: system/engine/action.php
REGEX: ~(require|include)(_once)?\(([^)]+)~
LINE: 39
FILE: system/engine/loader.php
REGEX: ~(require|include)(_once)?\(([^)]+)~
LINE: 20
LINE: 59
LINE: 80
LINE: 99
FILE: system/library/config.php
REGEX: ~(require|include)(_once)?\(([^)]+)~
LINE: 23
FILE: system/library/language.php
REGEX: ~(require|include)(_once)?\(([^)]+)~
LINE: 25
LINE: 31
----------------------------------------------------------------
MOD: Tweak for OpenCart 2x Russkaya sborka
FILE: admin/view/template/common/header.tpl
CODE: <?php foreach ($links as $link) { ?>
LINE: 35
CODE: <script type="text/javascript" src="view/javascript/summernote/summernote.js"></script>
LINE: 18
CODE: <li><a href="http://www.opencart.com" target="_blank"><?php echo $text_homepage; ?></a></li>
LINE: 80
CODE: <li><a href="http://docs.opencart.com" target="_blank"><?php echo $text_documentation; ?></a></li>
LINE: 83
CODE: <li><a href="http://forum.opencart.com" target="_blank"><?php echo $text_support; ?></a></li>
LINE: 86
FILE: admin/view/template/catalog/product_form.tpl
CODE: <label class="col-sm-2 control-label" for="input-sku"><span data-toggle="tooltip" title="<?php echo $help_sku; ?>"><?php echo $entry_sku; ?></span></label>
LINE: 116
CODE: <label class="col-sm-2 control-label" for="input-sku">
LINE: 122
CODE: <label class="col-sm-2 control-label" for="input-location"><?php echo $entry_location; ?></label>
LINE: 162
CODE: <input type="text" name="model" value="<?php echo $model; ?>" placeholder="<?php echo $entry_model; ?>" id="input-model" class="form-control" />
LINE: 108
FILE: admin/view/template/common/menu.tpl
CODE: <li><a href="<?php echo $analytics; ?>"><?php echo $text_analytics; ?></a></li>
LINE: 25
CODE: <li><a href="<?php echo $total; ?>"><?php echo $text_total; ?></a></li>
LINE: 36
FILE: admin/model/catalog/category.php
CODE: if (isset($data['keyword'])) {
LINE: 49
FILE: admin/controller/tool/backup.php
CODE: $data['entry_backup'] = $this->language->get('entry_backup');
LINE: 38
FILE: admin/controller\tool\error_log.php
CODE: $this->response->addheader('Content-Disposition: attachment; filename=' . $this->config->get('config_name') . '_' . date('Y-m-d_H-i-s', time()) . '_error.log');
LINE: 95
FILE: admin/view/template/design/banner_form.tpl
CODE: html += '  <td class="text-right" style="width: 10%;><input type="text" name="banner_image[' + image_row + '][sort_order]" value="" placeholder="<?php echo $entry_sort_order; ?>" class="form-control" /></td>';
LINE: 106
----------------------------------------------------------------
Modification::refresh - Processing 'News'
Modification::refresh - Done 'News'
----------------------------------------------------------------
2015-11-11 10:30:48 - MOD: Modification Default
FILE: system/engine/action.php
REGEX: ~(require|include)(_once)?\(([^)]+)~
LINE: 39
FILE: system/engine/loader.php
REGEX: ~(require|include)(_once)?\(([^)]+)~
LINE: 20
LINE: 59
LINE: 80
LINE: 99
FILE: system/library/config.php
REGEX: ~(require|include)(_once)?\(([^)]+)~
LINE: 23
FILE: system/library/language.php
REGEX: ~(require|include)(_once)?\(([^)]+)~
LINE: 25
LINE: 31
----------------------------------------------------------------
MOD: Tweak for OpenCart 2x Russkaya sborka
FILE: admin/view/template/common/header.tpl
CODE: <?php foreach ($links as $link) { ?>
LINE: 35
CODE: <script type="text/javascript" src="view/javascript/summernote/summernote.js"></script>
LINE: 18
CODE: <li><a href="http://www.opencart.com" target="_blank"><?php echo $text_homepage; ?></a></li>
LINE: 80
CODE: <li><a href="http://docs.opencart.com" target="_blank"><?php echo $text_documentation; ?></a></li>
LINE: 83
CODE: <li><a href="http://forum.opencart.com" target="_blank"><?php echo $text_support; ?></a></li>
LINE: 86
FILE: admin/view/template/catalog/product_form.tpl
CODE: <label class="col-sm-2 control-label" for="input-sku"><span data-toggle="tooltip" title="<?php echo $help_sku; ?>"><?php echo $entry_sku; ?></span></label>
LINE: 116
CODE: <label class="col-sm-2 control-label" for="input-sku">
LINE: 122
CODE: <label class="col-sm-2 control-label" for="input-location"><?php echo $entry_location; ?></label>
LINE: 162
CODE: <input type="text" name="model" value="<?php echo $model; ?>" placeholder="<?php echo $entry_model; ?>" id="input-model" class="form-control" />
LINE: 108
FILE: admin/view/template/common/menu.tpl
CODE: <li><a href="<?php echo $analytics; ?>"><?php echo $text_analytics; ?></a></li>
LINE: 25
CODE: <li><a href="<?php echo $total; ?>"><?php echo $text_total; ?></a></li>
LINE: 36
FILE: admin/model/catalog/category.php
CODE: if (isset($data['keyword'])) {
LINE: 49
FILE: admin/controller/tool/backup.php
CODE: $data['entry_backup'] = $this->language->get('entry_backup');
LINE: 38
FILE: admin/controller\tool\error_log.php
CODE: $this->response->addheader('Content-Disposition: attachment; filename=' . $this->config->get('config_name') . '_' . date('Y-m-d_H-i-s', time()) . '_error.log');
LINE: 95
FILE: admin/view/template/design/banner_form.tpl
CODE: html += '  <td class="text-right" style="width: 10%;><input type="text" name="banner_image[' + image_row + '][sort_order]" value="" placeholder="<?php echo $entry_sort_order; ?>" class="form-control" /></td>';
LINE: 106
----------------------------------------------------------------
Modification::refresh - Processing 'News'
Modification::refresh - Done 'News'
----------------------------------------------------------------
2015-11-11 10:32:23 - MOD: Modification Default
FILE: system/engine/action.php
REGEX: ~(require|include)(_once)?\(([^)]+)~
LINE: 39
FILE: system/engine/loader.php
REGEX: ~(require|include)(_once)?\(([^)]+)~
LINE: 20
LINE: 59
LINE: 80
LINE: 99
FILE: system/library/config.php
REGEX: ~(require|include)(_once)?\(([^)]+)~
LINE: 23
FILE: system/library/language.php
REGEX: ~(require|include)(_once)?\(([^)]+)~
LINE: 25
LINE: 31
----------------------------------------------------------------
MOD: Tweak for OpenCart 2x Russkaya sborka
FILE: admin/view/template/common/header.tpl
CODE: <?php foreach ($links as $link) { ?>
LINE: 35
CODE: <script type="text/javascript" src="view/javascript/summernote/summernote.js"></script>
LINE: 18
CODE: <li><a href="http://www.opencart.com" target="_blank"><?php echo $text_homepage; ?></a></li>
LINE: 80
CODE: <li><a href="http://docs.opencart.com" target="_blank"><?php echo $text_documentation; ?></a></li>
LINE: 83
CODE: <li><a href="http://forum.opencart.com" target="_blank"><?php echo $text_support; ?></a></li>
LINE: 86
FILE: admin/view/template/catalog/product_form.tpl
CODE: <label class="col-sm-2 control-label" for="input-sku"><span data-toggle="tooltip" title="<?php echo $help_sku; ?>"><?php echo $entry_sku; ?></span></label>
LINE: 116
CODE: <label class="col-sm-2 control-label" for="input-sku">
LINE: 122
CODE: <label class="col-sm-2 control-label" for="input-location"><?php echo $entry_location; ?></label>
LINE: 162
CODE: <input type="text" name="model" value="<?php echo $model; ?>" placeholder="<?php echo $entry_model; ?>" id="input-model" class="form-control" />
LINE: 108
FILE: admin/view/template/common/menu.tpl
CODE: <li><a href="<?php echo $analytics; ?>"><?php echo $text_analytics; ?></a></li>
LINE: 25
CODE: <li><a href="<?php echo $total; ?>"><?php echo $text_total; ?></a></li>
LINE: 36
FILE: admin/model/catalog/category.php
CODE: if (isset($data['keyword'])) {
LINE: 49
FILE: admin/controller/tool/backup.php
CODE: $data['entry_backup'] = $this->language->get('entry_backup');
LINE: 38
FILE: admin/controller\tool\error_log.php
CODE: $this->response->addheader('Content-Disposition: attachment; filename=' . $this->config->get('config_name') . '_' . date('Y-m-d_H-i-s', time()) . '_error.log');
LINE: 95
FILE: admin/view/template/design/banner_form.tpl
CODE: html += '  <td class="text-right" style="width: 10%;><input type="text" name="banner_image[' + image_row + '][sort_order]" value="" placeholder="<?php echo $entry_sort_order; ?>" class="form-control" /></td>';
LINE: 106
----------------------------------------------------------------
Modification::refresh - Processing 'News'
Modification::refresh - Done 'News'
----------------------------------------------------------------
2015-11-11 10:32:37 - MOD: Modification Default
FILE: system/engine/action.php
REGEX: ~(require|include)(_once)?\(([^)]+)~
LINE: 39
FILE: system/engine/loader.php
REGEX: ~(require|include)(_once)?\(([^)]+)~
LINE: 20
LINE: 59
LINE: 80
LINE: 99
FILE: system/library/config.php
REGEX: ~(require|include)(_once)?\(([^)]+)~
LINE: 23
FILE: system/library/language.php
REGEX: ~(require|include)(_once)?\(([^)]+)~
LINE: 25
LINE: 31
----------------------------------------------------------------
MOD: Tweak for OpenCart 2x Russkaya sborka
FILE: admin/view/template/common/header.tpl
CODE: <?php foreach ($links as $link) { ?>
LINE: 35
CODE: <script type="text/javascript" src="view/javascript/summernote/summernote.js"></script>
LINE: 18
CODE: <li><a href="http://www.opencart.com" target="_blank"><?php echo $text_homepage; ?></a></li>
LINE: 80
CODE: <li><a href="http://docs.opencart.com" target="_blank"><?php echo $text_documentation; ?></a></li>
LINE: 83
CODE: <li><a href="http://forum.opencart.com" target="_blank"><?php echo $text_support; ?></a></li>
LINE: 86
FILE: admin/view/template/catalog/product_form.tpl
CODE: <label class="col-sm-2 control-label" for="input-sku"><span data-toggle="tooltip" title="<?php echo $help_sku; ?>"><?php echo $entry_sku; ?></span></label>
LINE: 116
CODE: <label class="col-sm-2 control-label" for="input-sku">
LINE: 122
CODE: <label class="col-sm-2 control-label" for="input-location"><?php echo $entry_location; ?></label>
LINE: 162
CODE: <input type="text" name="model" value="<?php echo $model; ?>" placeholder="<?php echo $entry_model; ?>" id="input-model" class="form-control" />
LINE: 108
FILE: admin/view/template/common/menu.tpl
CODE: <li><a href="<?php echo $analytics; ?>"><?php echo $text_analytics; ?></a></li>
LINE: 25
CODE: <li><a href="<?php echo $total; ?>"><?php echo $text_total; ?></a></li>
LINE: 36
FILE: admin/model/catalog/category.php
CODE: if (isset($data['keyword'])) {
LINE: 49
FILE: admin/controller/tool/backup.php
CODE: $data['entry_backup'] = $this->language->get('entry_backup');
LINE: 38
FILE: admin/controller\tool\error_log.php
CODE: $this->response->addheader('Content-Disposition: attachment; filename=' . $this->config->get('config_name') . '_' . date('Y-m-d_H-i-s', time()) . '_error.log');
LINE: 95
FILE: admin/view/template/design/banner_form.tpl
CODE: html += '  <td class="text-right" style="width: 10%;><input type="text" name="banner_image[' + image_row + '][sort_order]" value="" placeholder="<?php echo $entry_sort_order; ?>" class="form-control" /></td>';
LINE: 106
----------------------------------------------------------------
Modification::refresh - Processing 'News'
Modification::refresh - Done 'News'
----------------------------------------------------------------
MOD: News
CODE: <li><a href="<?php echo $feed; ?>"><?php echo $text_feed; ?></a></li>
LINE: 35
CODE: $data['feed'] = $this->url->link('extension/feed', 'token=' . $this->session->data['token'], 'SSL');
LINE: 132
CODE: $data['text_account']
NOT FOUND!
CODE: $_
LINE: 7
CODE: $_
LINE: 7
CODE: <li><a href="<?php echo $voucher; ?>"><?php echo $text_voucher; ?></a></li>
LINE: 31
CODE: if ($url[0] == 'information_id') {
LINE: 42
CODE: } elseif (isset($this->request->get['information_id'])) {
LINE: 72
CODE: if (($data['route'] == 'product/product' && $key == 'product_id') || (($data['route'] == 'product/manufacturer/info' || $data['route'] == 'product/product') && $key == 'manufacturer_id') || ($data['route'] == 'information/information' && $key == 'information_id')) {
NOT FOUND!
CODE: if ($query->row['query'] && $url[0] != 'information_id' && $url[0] != 'manufacturer_id' && $url[0] != 'category_id' && $url[0] != 'product_id') {
NOT FOUND!
CODE: function index()
LINE: 7
CODE: <?php if ($error_install) { ?>
LINE: 35
----------------------------------------------------------------
2015-11-11 10:33:02 - MOD: Modification Default
FILE: system/engine/action.php
REGEX: ~(require|include)(_once)?\(([^)]+)~
LINE: 39
FILE: system/engine/loader.php
REGEX: ~(require|include)(_once)?\(([^)]+)~
LINE: 20
LINE: 59
LINE: 80
LINE: 99
FILE: system/library/config.php
REGEX: ~(require|include)(_once)?\(([^)]+)~
LINE: 23
FILE: system/library/language.php
REGEX: ~(require|include)(_once)?\(([^)]+)~
LINE: 25
LINE: 31
----------------------------------------------------------------
MOD: Tweak for OpenCart 2x Russkaya sborka
FILE: admin/view/template/common/header.tpl
CODE: <?php foreach ($links as $link) { ?>
LINE: 35
CODE: <script type="text/javascript" src="view/javascript/summernote/summernote.js"></script>
LINE: 18
CODE: <li><a href="http://www.opencart.com" target="_blank"><?php echo $text_homepage; ?></a></li>
LINE: 80
CODE: <li><a href="http://docs.opencart.com" target="_blank"><?php echo $text_documentation; ?></a></li>
LINE: 83
CODE: <li><a href="http://forum.opencart.com" target="_blank"><?php echo $text_support; ?></a></li>
LINE: 86
FILE: admin/view/template/catalog/product_form.tpl
CODE: <label class="col-sm-2 control-label" for="input-sku"><span data-toggle="tooltip" title="<?php echo $help_sku; ?>"><?php echo $entry_sku; ?></span></label>
LINE: 116
CODE: <label class="col-sm-2 control-label" for="input-sku">
LINE: 122
CODE: <label class="col-sm-2 control-label" for="input-location"><?php echo $entry_location; ?></label>
LINE: 162
CODE: <input type="text" name="model" value="<?php echo $model; ?>" placeholder="<?php echo $entry_model; ?>" id="input-model" class="form-control" />
LINE: 108
FILE: admin/view/template/common/menu.tpl
CODE: <li><a href="<?php echo $analytics; ?>"><?php echo $text_analytics; ?></a></li>
LINE: 25
CODE: <li><a href="<?php echo $total; ?>"><?php echo $text_total; ?></a></li>
LINE: 36
FILE: admin/model/catalog/category.php
CODE: if (isset($data['keyword'])) {
LINE: 49
FILE: admin/controller/tool/backup.php
CODE: $data['entry_backup'] = $this->language->get('entry_backup');
LINE: 38
FILE: admin/controller\tool\error_log.php
CODE: $this->response->addheader('Content-Disposition: attachment; filename=' . $this->config->get('config_name') . '_' . date('Y-m-d_H-i-s', time()) . '_error.log');
LINE: 95
FILE: admin/view/template/design/banner_form.tpl
CODE: html += '  <td class="text-right" style="width: 10%;><input type="text" name="banner_image[' + image_row + '][sort_order]" value="" placeholder="<?php echo $entry_sort_order; ?>" class="form-control" /></td>';
LINE: 106
----------------------------------------------------------------
Modification::refresh - Processing 'News'
Modification::refresh - Done 'News'
----------------------------------------------------------------
2015-11-11 10:42:14 - MOD: Modification Default
FILE: system/engine/action.php
REGEX: ~(require|include)(_once)?\(([^)]+)~
LINE: 39
FILE: system/engine/loader.php
REGEX: ~(require|include)(_once)?\(([^)]+)~
LINE: 20
LINE: 59
LINE: 80
LINE: 99
FILE: system/library/config.php
REGEX: ~(require|include)(_once)?\(([^)]+)~
LINE: 23
FILE: system/library/language.php
REGEX: ~(require|include)(_once)?\(([^)]+)~
LINE: 25
LINE: 31
----------------------------------------------------------------
MOD: Tweak for OpenCart 2x Russkaya sborka
FILE: admin/view/template/common/header.tpl
CODE: <?php foreach ($links as $link) { ?>
LINE: 35
CODE: <script type="text/javascript" src="view/javascript/summernote/summernote.js"></script>
LINE: 18
CODE: <li><a href="http://www.opencart.com" target="_blank"><?php echo $text_homepage; ?></a></li>
LINE: 80
CODE: <li><a href="http://docs.opencart.com" target="_blank"><?php echo $text_documentation; ?></a></li>
LINE: 83
CODE: <li><a href="http://forum.opencart.com" target="_blank"><?php echo $text_support; ?></a></li>
LINE: 86
FILE: admin/view/template/catalog/product_form.tpl
CODE: <label class="col-sm-2 control-label" for="input-sku"><span data-toggle="tooltip" title="<?php echo $help_sku; ?>"><?php echo $entry_sku; ?></span></label>
LINE: 116
CODE: <label class="col-sm-2 control-label" for="input-sku">
LINE: 122
CODE: <label class="col-sm-2 control-label" for="input-location"><?php echo $entry_location; ?></label>
LINE: 162
CODE: <input type="text" name="model" value="<?php echo $model; ?>" placeholder="<?php echo $entry_model; ?>" id="input-model" class="form-control" />
LINE: 108
FILE: admin/view/template/common/menu.tpl
CODE: <li><a href="<?php echo $analytics; ?>"><?php echo $text_analytics; ?></a></li>
LINE: 25
CODE: <li><a href="<?php echo $total; ?>"><?php echo $text_total; ?></a></li>
LINE: 36
FILE: admin/model/catalog/category.php
CODE: if (isset($data['keyword'])) {
LINE: 49
FILE: admin/controller/tool/backup.php
CODE: $data['entry_backup'] = $this->language->get('entry_backup');
LINE: 38
FILE: admin/controller\tool\error_log.php
CODE: $this->response->addheader('Content-Disposition: attachment; filename=' . $this->config->get('config_name') . '_' . date('Y-m-d_H-i-s', time()) . '_error.log');
LINE: 95
FILE: admin/view/template/design/banner_form.tpl
CODE: html += '  <td class="text-right" style="width: 10%;><input type="text" name="banner_image[' + image_row + '][sort_order]" value="" placeholder="<?php echo $entry_sort_order; ?>" class="form-control" /></td>';
LINE: 106
----------------------------------------------------------------
Modification::refresh - Processing 'Articles'
Modification::refresh - Done 'Articles'
----------------------------------------------------------------
Modification::refresh - Processing 'News'
Modification::refresh - SEARCH NOT FOUND (ABORTING MOD):
  file name = 'C:/xampp/htdocs/OpenCart/catalog/controller/common/seo_url.php'
  search = 'if (($data['route'] == 'product/product' && $key == 'product_id') || (($data['route'] == 'product/manufacturer/info' || $data['route'] == 'product/product') && $key == 'manufacturer_id') || ($data['route'] == 'information/information' && $key == 'information_id')) {'
----------------------------------------------------------------
2015-11-11 10:42:16 - MOD: Modification Default
FILE: system/engine/action.php
REGEX: ~(require|include)(_once)?\(([^)]+)~
LINE: 39
FILE: system/engine/loader.php
REGEX: ~(require|include)(_once)?\(([^)]+)~
LINE: 20
LINE: 59
LINE: 80
LINE: 99
FILE: system/library/config.php
REGEX: ~(require|include)(_once)?\(([^)]+)~
LINE: 23
FILE: system/library/language.php
REGEX: ~(require|include)(_once)?\(([^)]+)~
LINE: 25
LINE: 31
----------------------------------------------------------------
MOD: Tweak for OpenCart 2x Russkaya sborka
FILE: admin/view/template/common/header.tpl
CODE: <?php foreach ($links as $link) { ?>
LINE: 35
CODE: <script type="text/javascript" src="view/javascript/summernote/summernote.js"></script>
LINE: 18
CODE: <li><a href="http://www.opencart.com" target="_blank"><?php echo $text_homepage; ?></a></li>
LINE: 80
CODE: <li><a href="http://docs.opencart.com" target="_blank"><?php echo $text_documentation; ?></a></li>
LINE: 83
CODE: <li><a href="http://forum.opencart.com" target="_blank"><?php echo $text_support; ?></a></li>
LINE: 86
FILE: admin/view/template/catalog/product_form.tpl
CODE: <label class="col-sm-2 control-label" for="input-sku"><span data-toggle="tooltip" title="<?php echo $help_sku; ?>"><?php echo $entry_sku; ?></span></label>
LINE: 116
CODE: <label class="col-sm-2 control-label" for="input-sku">
LINE: 122
CODE: <label class="col-sm-2 control-label" for="input-location"><?php echo $entry_location; ?></label>
LINE: 162
CODE: <input type="text" name="model" value="<?php echo $model; ?>" placeholder="<?php echo $entry_model; ?>" id="input-model" class="form-control" />
LINE: 108
FILE: admin/view/template/common/menu.tpl
CODE: <li><a href="<?php echo $analytics; ?>"><?php echo $text_analytics; ?></a></li>
LINE: 25
CODE: <li><a href="<?php echo $total; ?>"><?php echo $text_total; ?></a></li>
LINE: 36
FILE: admin/model/catalog/category.php
CODE: if (isset($data['keyword'])) {
LINE: 49
FILE: admin/controller/tool/backup.php
CODE: $data['entry_backup'] = $this->language->get('entry_backup');
LINE: 38
FILE: admin/controller\tool\error_log.php
CODE: $this->response->addheader('Content-Disposition: attachment; filename=' . $this->config->get('config_name') . '_' . date('Y-m-d_H-i-s', time()) . '_error.log');
LINE: 95
FILE: admin/view/template/design/banner_form.tpl
CODE: html += '  <td class="text-right" style="width: 10%;><input type="text" name="banner_image[' + image_row + '][sort_order]" value="" placeholder="<?php echo $entry_sort_order; ?>" class="form-control" /></td>';
LINE: 106
----------------------------------------------------------------
Modification::refresh - Processing 'Articles'
Modification::refresh - Done 'Articles'
----------------------------------------------------------------
Modification::refresh - Processing 'News'
Modification::refresh - SEARCH NOT FOUND (ABORTING MOD):
  file name = 'C:/xampp/htdocs/OpenCart/catalog/controller/common/seo_url.php'
  search = 'if (($data['route'] == 'product/product' && $key == 'product_id') || (($data['route'] == 'product/manufacturer/info' || $data['route'] == 'product/product') && $key == 'manufacturer_id') || ($data['route'] == 'information/information' && $key == 'information_id')) {'
----------------------------------------------------------------
2015-11-11 11:06:24 - MOD: Modification Default
FILE: system/engine/action.php
REGEX: ~(require|include)(_once)?\(([^)]+)~
LINE: 39
FILE: system/engine/loader.php
REGEX: ~(require|include)(_once)?\(([^)]+)~
LINE: 20
LINE: 59
LINE: 80
LINE: 99
FILE: system/library/config.php
REGEX: ~(require|include)(_once)?\(([^)]+)~
LINE: 23
FILE: system/library/language.php
REGEX: ~(require|include)(_once)?\(([^)]+)~
LINE: 25
LINE: 31
----------------------------------------------------------------
MOD: Tweak for OpenCart 2x Russkaya sborka
FILE: admin/view/template/common/header.tpl
CODE: <?php foreach ($links as $link) { ?>
LINE: 35
CODE: <script type="text/javascript" src="view/javascript/summernote/summernote.js"></script>
LINE: 18
CODE: <li><a href="http://www.opencart.com" target="_blank"><?php echo $text_homepage; ?></a></li>
LINE: 80
CODE: <li><a href="http://docs.opencart.com" target="_blank"><?php echo $text_documentation; ?></a></li>
LINE: 83
CODE: <li><a href="http://forum.opencart.com" target="_blank"><?php echo $text_support; ?></a></li>
LINE: 86
FILE: admin/view/template/catalog/product_form.tpl
CODE: <label class="col-sm-2 control-label" for="input-sku"><span data-toggle="tooltip" title="<?php echo $help_sku; ?>"><?php echo $entry_sku; ?></span></label>
LINE: 116
CODE: <label class="col-sm-2 control-label" for="input-sku">
LINE: 122
CODE: <label class="col-sm-2 control-label" for="input-location"><?php echo $entry_location; ?></label>
LINE: 162
CODE: <input type="text" name="model" value="<?php echo $model; ?>" placeholder="<?php echo $entry_model; ?>" id="input-model" class="form-control" />
LINE: 108
FILE: admin/view/template/common/menu.tpl
CODE: <li><a href="<?php echo $analytics; ?>"><?php echo $text_analytics; ?></a></li>
LINE: 25
CODE: <li><a href="<?php echo $total; ?>"><?php echo $text_total; ?></a></li>
LINE: 36
FILE: admin/model/catalog/category.php
CODE: if (isset($data['keyword'])) {
LINE: 49
FILE: admin/controller/tool/backup.php
CODE: $data['entry_backup'] = $this->language->get('entry_backup');
LINE: 38
FILE: admin/controller\tool\error_log.php
CODE: $this->response->addheader('Content-Disposition: attachment; filename=' . $this->config->get('config_name') . '_' . date('Y-m-d_H-i-s', time()) . '_error.log');
LINE: 95
FILE: admin/view/template/design/banner_form.tpl
CODE: html += '  <td class="text-right" style="width: 10%;><input type="text" name="banner_image[' + image_row + '][sort_order]" value="" placeholder="<?php echo $entry_sort_order; ?>" class="form-control" /></td>';
LINE: 106
----------------------------------------------------------------
Modification::refresh - Processing 'Articles'
Modification::refresh - Done 'Articles'
----------------------------------------------------------------
Modification::refresh - Processing 'News'
Modification::refresh - SEARCH NOT FOUND (ABORTING MOD):
  file name = 'C:/xampp/htdocs/OpenCart/catalog/controller/common/seo_url.php'
  search = 'if (($data['route'] == 'product/product' && $key == 'product_id') || (($data['route'] == 'product/manufacturer/info' || $data['route'] == 'product/product') && $key == 'manufacturer_id') || ($data['route'] == 'information/information' && $key == 'information_id')) {'
----------------------------------------------------------------
MOD: Articles
CODE: <li><a href="<?php echo $feed; ?>"><?php echo $text_feed; ?></a></li>
LINE: 35
CODE: $data['feed'] = $this->url->link('extension/feed', 'token=' . $this->session->data['token'], 'SSL');
LINE: 132
CODE: $data['text_account']
NOT FOUND!
CODE: $_
LINE: 7
CODE: $_
LINE: 7
CODE: <li><a href="<?php echo $voucher; ?>"><?php echo $text_voucher; ?></a></li>
LINE: 34
CODE: if ($url[0] == 'information_id') {
LINE: 47
CODE: } elseif (isset($this->request->get['information_id'])) {
LINE: 81
CODE: if (($data['route'] == 'product/product' && $key == 'product_id') || (($data['route'] == 'product/manufacturer/info' || $data['route'] == 'product/product') && $key == 'manufacturer_id') || ($data['route'] == 'information/information' && $key == 'information_id')) {
NOT FOUND!
CODE: if ($query->row['query'] && $url[0] != 'information_id' && $url[0] != 'manufacturer_id' && $url[0] != 'category_id' && $url[0] != 'product_id') {
NOT FOUND!
CODE: function index()
LINE: 7
CODE: <?php if ($error_install) { ?>
LINE: 35
----------------------------------------------------------------
2015-11-11 11:06:49 - MOD: Modification Default
FILE: system/engine/action.php
REGEX: ~(require|include)(_once)?\(([^)]+)~
LINE: 39
FILE: system/engine/loader.php
REGEX: ~(require|include)(_once)?\(([^)]+)~
LINE: 20
LINE: 59
LINE: 80
LINE: 99
FILE: system/library/config.php
REGEX: ~(require|include)(_once)?\(([^)]+)~
LINE: 23
FILE: system/library/language.php
REGEX: ~(require|include)(_once)?\(([^)]+)~
LINE: 25
LINE: 31
----------------------------------------------------------------
MOD: Tweak for OpenCart 2x Russkaya sborka
FILE: admin/view/template/common/header.tpl
CODE: <?php foreach ($links as $link) { ?>
LINE: 35
CODE: <script type="text/javascript" src="view/javascript/summernote/summernote.js"></script>
LINE: 18
CODE: <li><a href="http://www.opencart.com" target="_blank"><?php echo $text_homepage; ?></a></li>
LINE: 80
CODE: <li><a href="http://docs.opencart.com" target="_blank"><?php echo $text_documentation; ?></a></li>
LINE: 83
CODE: <li><a href="http://forum.opencart.com" target="_blank"><?php echo $text_support; ?></a></li>
LINE: 86
FILE: admin/view/template/catalog/product_form.tpl
CODE: <label class="col-sm-2 control-label" for="input-sku"><span data-toggle="tooltip" title="<?php echo $help_sku; ?>"><?php echo $entry_sku; ?></span></label>
LINE: 116
CODE: <label class="col-sm-2 control-label" for="input-sku">
LINE: 122
CODE: <label class="col-sm-2 control-label" for="input-location"><?php echo $entry_location; ?></label>
LINE: 162
CODE: <input type="text" name="model" value="<?php echo $model; ?>" placeholder="<?php echo $entry_model; ?>" id="input-model" class="form-control" />
LINE: 108
FILE: admin/view/template/common/menu.tpl
CODE: <li><a href="<?php echo $analytics; ?>"><?php echo $text_analytics; ?></a></li>
LINE: 25
CODE: <li><a href="<?php echo $total; ?>"><?php echo $text_total; ?></a></li>
LINE: 36
FILE: admin/model/catalog/category.php
CODE: if (isset($data['keyword'])) {
LINE: 49
FILE: admin/controller/tool/backup.php
CODE: $data['entry_backup'] = $this->language->get('entry_backup');
LINE: 38
FILE: admin/controller\tool\error_log.php
CODE: $this->response->addheader('Content-Disposition: attachment; filename=' . $this->config->get('config_name') . '_' . date('Y-m-d_H-i-s', time()) . '_error.log');
LINE: 95
FILE: admin/view/template/design/banner_form.tpl
CODE: html += '  <td class="text-right" style="width: 10%;><input type="text" name="banner_image[' + image_row + '][sort_order]" value="" placeholder="<?php echo $entry_sort_order; ?>" class="form-control" /></td>';
LINE: 106
----------------------------------------------------------------
Modification::refresh - Processing 'Articles'
Modification::refresh - Done 'Articles'
----------------------------------------------------------------
Modification::refresh - Processing 'News'
Modification::refresh - SEARCH NOT FOUND (ABORTING MOD):
  file name = 'C:/xampp/htdocs/OpenCart/catalog/controller/common/seo_url.php'
  search = 'if (($data['route'] == 'product/product' && $key == 'product_id') || (($data['route'] == 'product/manufacturer/info' || $data['route'] == 'product/product') && $key == 'manufacturer_id') || ($data['route'] == 'information/information' && $key == 'information_id')) {'
----------------------------------------------------------------
MOD: Articles
CODE: <li><a href="<?php echo $feed; ?>"><?php echo $text_feed; ?></a></li>
LINE: 35
CODE: $data['feed'] = $this->url->link('extension/feed', 'token=' . $this->session->data['token'], 'SSL');
LINE: 132
CODE: $data['text_account']
NOT FOUND!
CODE: $_
LINE: 7
CODE: $_
LINE: 7
CODE: <li><a href="<?php echo $voucher; ?>"><?php echo $text_voucher; ?></a></li>
LINE: 34
CODE: if ($url[0] == 'information_id') {
LINE: 47
CODE: } elseif (isset($this->request->get['information_id'])) {
LINE: 81
CODE: if (($data['route'] == 'product/product' && $key == 'product_id') || (($data['route'] == 'product/manufacturer/info' || $data['route'] == 'product/product') && $key == 'manufacturer_id') || ($data['route'] == 'information/information' && $key == 'information_id')) {
NOT FOUND!
CODE: if ($query->row['query'] && $url[0] != 'information_id' && $url[0] != 'manufacturer_id' && $url[0] != 'category_id' && $url[0] != 'product_id') {
NOT FOUND!
CODE: function index()
LINE: 7
CODE: <?php if ($error_install) { ?>
LINE: 35
----------------------------------------------------------------
2015-11-11 11:06:51 - MOD: Modification Default
FILE: system/engine/action.php
REGEX: ~(require|include)(_once)?\(([^)]+)~
LINE: 39
FILE: system/engine/loader.php
REGEX: ~(require|include)(_once)?\(([^)]+)~
LINE: 20
LINE: 59
LINE: 80
LINE: 99
FILE: system/library/config.php
REGEX: ~(require|include)(_once)?\(([^)]+)~
LINE: 23
FILE: system/library/language.php
REGEX: ~(require|include)(_once)?\(([^)]+)~
LINE: 25
LINE: 31
----------------------------------------------------------------
MOD: Tweak for OpenCart 2x Russkaya sborka
FILE: admin/view/template/common/header.tpl
CODE: <?php foreach ($links as $link) { ?>
LINE: 35
CODE: <script type="text/javascript" src="view/javascript/summernote/summernote.js"></script>
LINE: 18
CODE: <li><a href="http://www.opencart.com" target="_blank"><?php echo $text_homepage; ?></a></li>
LINE: 80
CODE: <li><a href="http://docs.opencart.com" target="_blank"><?php echo $text_documentation; ?></a></li>
LINE: 83
CODE: <li><a href="http://forum.opencart.com" target="_blank"><?php echo $text_support; ?></a></li>
LINE: 86
FILE: admin/view/template/catalog/product_form.tpl
CODE: <label class="col-sm-2 control-label" for="input-sku"><span data-toggle="tooltip" title="<?php echo $help_sku; ?>"><?php echo $entry_sku; ?></span></label>
LINE: 116
CODE: <label class="col-sm-2 control-label" for="input-sku">
LINE: 122
CODE: <label class="col-sm-2 control-label" for="input-location"><?php echo $entry_location; ?></label>
LINE: 162
CODE: <input type="text" name="model" value="<?php echo $model; ?>" placeholder="<?php echo $entry_model; ?>" id="input-model" class="form-control" />
LINE: 108
FILE: admin/view/template/common/menu.tpl
CODE: <li><a href="<?php echo $analytics; ?>"><?php echo $text_analytics; ?></a></li>
LINE: 25
CODE: <li><a href="<?php echo $total; ?>"><?php echo $text_total; ?></a></li>
LINE: 36
FILE: admin/model/catalog/category.php
CODE: if (isset($data['keyword'])) {
LINE: 49
FILE: admin/controller/tool/backup.php
CODE: $data['entry_backup'] = $this->language->get('entry_backup');
LINE: 38
FILE: admin/controller\tool\error_log.php
CODE: $this->response->addheader('Content-Disposition: attachment; filename=' . $this->config->get('config_name') . '_' . date('Y-m-d_H-i-s', time()) . '_error.log');
LINE: 95
FILE: admin/view/template/design/banner_form.tpl
CODE: html += '  <td class="text-right" style="width: 10%;><input type="text" name="banner_image[' + image_row + '][sort_order]" value="" placeholder="<?php echo $entry_sort_order; ?>" class="form-control" /></td>';
LINE: 106
----------------------------------------------------------------
Modification::refresh - Processing 'Articles'
Modification::refresh - Done 'Articles'
----------------------------------------------------------------
Modification::refresh - Processing 'News'
Modification::refresh - SEARCH NOT FOUND (ABORTING MOD):
  file name = 'C:/xampp/htdocs/OpenCart/catalog/controller/common/seo_url.php'
  search = 'if (($data['route'] == 'product/product' && $key == 'product_id') || (($data['route'] == 'product/manufacturer/info' || $data['route'] == 'product/product') && $key == 'manufacturer_id') || ($data['route'] == 'information/information' && $key == 'information_id')) {'
----------------------------------------------------------------
MOD: Articles
CODE: <li><a href="<?php echo $feed; ?>"><?php echo $text_feed; ?></a></li>
LINE: 35
CODE: $data['feed'] = $this->url->link('extension/feed', 'token=' . $this->session->data['token'], 'SSL');
LINE: 132
CODE: $data['text_account']
NOT FOUND!
CODE: $_
LINE: 7
CODE: $_
LINE: 7
CODE: <li><a href="<?php echo $voucher; ?>"><?php echo $text_voucher; ?></a></li>
LINE: 34
CODE: if ($url[0] == 'information_id') {
LINE: 47
CODE: } elseif (isset($this->request->get['information_id'])) {
LINE: 81
CODE: if (($data['route'] == 'product/product' && $key == 'product_id') || (($data['route'] == 'product/manufacturer/info' || $data['route'] == 'product/product') && $key == 'manufacturer_id') || ($data['route'] == 'information/information' && $key == 'information_id')) {
NOT FOUND!
CODE: if ($query->row['query'] && $url[0] != 'information_id' && $url[0] != 'manufacturer_id' && $url[0] != 'category_id' && $url[0] != 'product_id') {
NOT FOUND!
CODE: function index()
LINE: 7
CODE: <?php if ($error_install) { ?>
LINE: 35
----------------------------------------------------------------
2015-11-11 11:07:05 - MOD: Modification Default
FILE: system/engine/action.php
REGEX: ~(require|include)(_once)?\(([^)]+)~
LINE: 39
FILE: system/engine/loader.php
REGEX: ~(require|include)(_once)?\(([^)]+)~
LINE: 20
LINE: 59
LINE: 80
LINE: 99
FILE: system/library/config.php
REGEX: ~(require|include)(_once)?\(([^)]+)~
LINE: 23
FILE: system/library/language.php
REGEX: ~(require|include)(_once)?\(([^)]+)~
LINE: 25
LINE: 31
----------------------------------------------------------------
MOD: Tweak for OpenCart 2x Russkaya sborka
FILE: admin/view/template/common/header.tpl
CODE: <?php foreach ($links as $link) { ?>
LINE: 35
CODE: <script type="text/javascript" src="view/javascript/summernote/summernote.js"></script>
LINE: 18
CODE: <li><a href="http://www.opencart.com" target="_blank"><?php echo $text_homepage; ?></a></li>
LINE: 80
CODE: <li><a href="http://docs.opencart.com" target="_blank"><?php echo $text_documentation; ?></a></li>
LINE: 83
CODE: <li><a href="http://forum.opencart.com" target="_blank"><?php echo $text_support; ?></a></li>
LINE: 86
FILE: admin/view/template/catalog/product_form.tpl
CODE: <label class="col-sm-2 control-label" for="input-sku"><span data-toggle="tooltip" title="<?php echo $help_sku; ?>"><?php echo $entry_sku; ?></span></label>
LINE: 116
CODE: <label class="col-sm-2 control-label" for="input-sku">
LINE: 122
CODE: <label class="col-sm-2 control-label" for="input-location"><?php echo $entry_location; ?></label>
LINE: 162
CODE: <input type="text" name="model" value="<?php echo $model; ?>" placeholder="<?php echo $entry_model; ?>" id="input-model" class="form-control" />
LINE: 108
FILE: admin/view/template/common/menu.tpl
CODE: <li><a href="<?php echo $analytics; ?>"><?php echo $text_analytics; ?></a></li>
LINE: 25
CODE: <li><a href="<?php echo $total; ?>"><?php echo $text_total; ?></a></li>
LINE: 36
FILE: admin/model/catalog/category.php
CODE: if (isset($data['keyword'])) {
LINE: 49
FILE: admin/controller/tool/backup.php
CODE: $data['entry_backup'] = $this->language->get('entry_backup');
LINE: 38
FILE: admin/controller\tool\error_log.php
CODE: $this->response->addheader('Content-Disposition: attachment; filename=' . $this->config->get('config_name') . '_' . date('Y-m-d_H-i-s', time()) . '_error.log');
LINE: 95
FILE: admin/view/template/design/banner_form.tpl
CODE: html += '  <td class="text-right" style="width: 10%;><input type="text" name="banner_image[' + image_row + '][sort_order]" value="" placeholder="<?php echo $entry_sort_order; ?>" class="form-control" /></td>';
LINE: 106
----------------------------------------------------------------
Modification::refresh - Processing 'Articles'
Modification::refresh - Done 'Articles'
----------------------------------------------------------------
Modification::refresh - Processing 'News'
Modification::refresh - SEARCH NOT FOUND (ABORTING MOD):
  file name = 'C:/xampp/htdocs/OpenCart/catalog/controller/common/seo_url.php'
  search = 'if (($data['route'] == 'product/product' && $key == 'product_id') || (($data['route'] == 'product/manufacturer/info' || $data['route'] == 'product/product') && $key == 'manufacturer_id') || ($data['route'] == 'information/information' && $key == 'information_id')) {'
----------------------------------------------------------------
2015-11-11 11:07:17 - MOD: Modification Default
FILE: system/engine/action.php
REGEX: ~(require|include)(_once)?\(([^)]+)~
LINE: 39
FILE: system/engine/loader.php
REGEX: ~(require|include)(_once)?\(([^)]+)~
LINE: 20
LINE: 59
LINE: 80
LINE: 99
FILE: system/library/config.php
REGEX: ~(require|include)(_once)?\(([^)]+)~
LINE: 23
FILE: system/library/language.php
REGEX: ~(require|include)(_once)?\(([^)]+)~
LINE: 25
LINE: 31
----------------------------------------------------------------
MOD: Tweak for OpenCart 2x Russkaya sborka
FILE: admin/view/template/common/header.tpl
CODE: <?php foreach ($links as $link) { ?>
LINE: 35
CODE: <script type="text/javascript" src="view/javascript/summernote/summernote.js"></script>
LINE: 18
CODE: <li><a href="http://www.opencart.com" target="_blank"><?php echo $text_homepage; ?></a></li>
LINE: 80
CODE: <li><a href="http://docs.opencart.com" target="_blank"><?php echo $text_documentation; ?></a></li>
LINE: 83
CODE: <li><a href="http://forum.opencart.com" target="_blank"><?php echo $text_support; ?></a></li>
LINE: 86
FILE: admin/view/template/catalog/product_form.tpl
CODE: <label class="col-sm-2 control-label" for="input-sku"><span data-toggle="tooltip" title="<?php echo $help_sku; ?>"><?php echo $entry_sku; ?></span></label>
LINE: 116
CODE: <label class="col-sm-2 control-label" for="input-sku">
LINE: 122
CODE: <label class="col-sm-2 control-label" for="input-location"><?php echo $entry_location; ?></label>
LINE: 162
CODE: <input type="text" name="model" value="<?php echo $model; ?>" placeholder="<?php echo $entry_model; ?>" id="input-model" class="form-control" />
LINE: 108
FILE: admin/view/template/common/menu.tpl
CODE: <li><a href="<?php echo $analytics; ?>"><?php echo $text_analytics; ?></a></li>
LINE: 25
CODE: <li><a href="<?php echo $total; ?>"><?php echo $text_total; ?></a></li>
LINE: 36
FILE: admin/model/catalog/category.php
CODE: if (isset($data['keyword'])) {
LINE: 49
FILE: admin/controller/tool/backup.php
CODE: $data['entry_backup'] = $this->language->get('entry_backup');
LINE: 38
FILE: admin/controller\tool\error_log.php
CODE: $this->response->addheader('Content-Disposition: attachment; filename=' . $this->config->get('config_name') . '_' . date('Y-m-d_H-i-s', time()) . '_error.log');
LINE: 95
FILE: admin/view/template/design/banner_form.tpl
CODE: html += '  <td class="text-right" style="width: 10%;><input type="text" name="banner_image[' + image_row + '][sort_order]" value="" placeholder="<?php echo $entry_sort_order; ?>" class="form-control" /></td>';
LINE: 106
----------------------------------------------------------------
Modification::refresh - Processing 'Articles'
Modification::refresh - Done 'Articles'
----------------------------------------------------------------
Modification::refresh - Processing 'News'
Modification::refresh - SEARCH NOT FOUND (ABORTING MOD):
  file name = 'C:/xampp/htdocs/OpenCart/catalog/controller/common/seo_url.php'
  search = 'if (($data['route'] == 'product/product' && $key == 'product_id') || (($data['route'] == 'product/manufacturer/info' || $data['route'] == 'product/product') && $key == 'manufacturer_id') || ($data['route'] == 'information/information' && $key == 'information_id')) {'
----------------------------------------------------------------
MOD: Articles
CODE: <li><a href="<?php echo $feed; ?>"><?php echo $text_feed; ?></a></li>
LINE: 35
CODE: $data['feed'] = $this->url->link('extension/feed', 'token=' . $this->session->data['token'], 'SSL');
LINE: 132
CODE: $data['text_account']
NOT FOUND!
CODE: $_
LINE: 7
CODE: $_
LINE: 7
CODE: <li><a href="<?php echo $voucher; ?>"><?php echo $text_voucher; ?></a></li>
LINE: 34
CODE: if ($url[0] == 'information_id') {
LINE: 47
CODE: } elseif (isset($this->request->get['information_id'])) {
LINE: 81
CODE: if (($data['route'] == 'product/product' && $key == 'product_id') || (($data['route'] == 'product/manufacturer/info' || $data['route'] == 'product/product') && $key == 'manufacturer_id') || ($data['route'] == 'information/information' && $key == 'information_id')) {
NOT FOUND!
CODE: if ($query->row['query'] && $url[0] != 'information_id' && $url[0] != 'manufacturer_id' && $url[0] != 'category_id' && $url[0] != 'product_id') {
NOT FOUND!
CODE: function index()
LINE: 7
CODE: <?php if ($error_install) { ?>
LINE: 35
----------------------------------------------------------------
2015-11-11 11:08:39 - MOD: Modification Default
FILE: system/engine/action.php
REGEX: ~(require|include)(_once)?\(([^)]+)~
LINE: 39
FILE: system/engine/loader.php
REGEX: ~(require|include)(_once)?\(([^)]+)~
LINE: 20
LINE: 59
LINE: 80
LINE: 99
FILE: system/library/config.php
REGEX: ~(require|include)(_once)?\(([^)]+)~
LINE: 23
FILE: system/library/language.php
REGEX: ~(require|include)(_once)?\(([^)]+)~
LINE: 25
LINE: 31
----------------------------------------------------------------
MOD: Tweak for OpenCart 2x Russkaya sborka
FILE: admin/view/template/common/header.tpl
CODE: <?php foreach ($links as $link) { ?>
LINE: 35
CODE: <script type="text/javascript" src="view/javascript/summernote/summernote.js"></script>
LINE: 18
CODE: <li><a href="http://www.opencart.com" target="_blank"><?php echo $text_homepage; ?></a></li>
LINE: 80
CODE: <li><a href="http://docs.opencart.com" target="_blank"><?php echo $text_documentation; ?></a></li>
LINE: 83
CODE: <li><a href="http://forum.opencart.com" target="_blank"><?php echo $text_support; ?></a></li>
LINE: 86
FILE: admin/view/template/catalog/product_form.tpl
CODE: <label class="col-sm-2 control-label" for="input-sku"><span data-toggle="tooltip" title="<?php echo $help_sku; ?>"><?php echo $entry_sku; ?></span></label>
LINE: 116
CODE: <label class="col-sm-2 control-label" for="input-sku">
LINE: 122
CODE: <label class="col-sm-2 control-label" for="input-location"><?php echo $entry_location; ?></label>
LINE: 162
CODE: <input type="text" name="model" value="<?php echo $model; ?>" placeholder="<?php echo $entry_model; ?>" id="input-model" class="form-control" />
LINE: 108
FILE: admin/view/template/common/menu.tpl
CODE: <li><a href="<?php echo $analytics; ?>"><?php echo $text_analytics; ?></a></li>
LINE: 25
CODE: <li><a href="<?php echo $total; ?>"><?php echo $text_total; ?></a></li>
LINE: 36
FILE: admin/model/catalog/category.php
CODE: if (isset($data['keyword'])) {
LINE: 49
FILE: admin/controller/tool/backup.php
CODE: $data['entry_backup'] = $this->language->get('entry_backup');
LINE: 38
FILE: admin/controller\tool\error_log.php
CODE: $this->response->addheader('Content-Disposition: attachment; filename=' . $this->config->get('config_name') . '_' . date('Y-m-d_H-i-s', time()) . '_error.log');
LINE: 95
FILE: admin/view/template/design/banner_form.tpl
CODE: html += '  <td class="text-right" style="width: 10%;><input type="text" name="banner_image[' + image_row + '][sort_order]" value="" placeholder="<?php echo $entry_sort_order; ?>" class="form-control" /></td>';
LINE: 106
----------------------------------------------------------------
Modification::refresh - Processing 'Articles'
Modification::refresh - Done 'Articles'
----------------------------------------------------------------
Modification::refresh - Processing 'News'
Modification::refresh - SEARCH NOT FOUND (ABORTING MOD):
  file name = 'C:/xampp/htdocs/OpenCart/catalog/controller/common/seo_url.php'
  search = 'if (($data['route'] == 'product/product' && $key == 'product_id') || (($data['route'] == 'product/manufacturer/info' || $data['route'] == 'product/product') && $key == 'manufacturer_id') || ($data['route'] == 'information/information' && $key == 'information_id')) {'
----------------------------------------------------------------
