---------- Date: 2015-11-20 10:24:47 ~ IP : 192.168.2.86 ----------
REQUEST URI : /OpenCart21-StroiTrend/
MOD DETAILS:
   modFile   : C:\xampp\htdocs\OpenCart21-StroiTrend\vqmod/xml/articles.xml
   id        : Articles
   version   : OC 2.x
   vqmver    : 2.0.0
   author    : Equotix

File Name    : catalog/controller/common/seo_url.php(2)
VQModObject::applyMod - SEARCH NOT FOUND (ABORTING MOD): if (($data['route'] == 'product/product' && $key == 'product_id') || (($data['route'] == 'product/manufacturer/info' || $data['route'] == 'product/product') && $key == 'manufacturer_id') || ($data['route'] == 'information/information' && $key == 'information_id')) {

----------------------------------------------------------------------


---------- Date: 2015-11-20 10:38:00 ~ IP : 192.168.2.86 ----------
REQUEST URI : /OpenCart21-StroiTrend/index.php?route=product/category&path=63_60
MOD DETAILS:
   modFile   : C:\xampp\htdocs\OpenCart21-StroiTrend\vqmod/xml/articles.xml
   id        : Articles
   version   : OC 2.x
   vqmver    : 2.0.0
   author    : Equotix

File Name    : catalog/controller/common/seo_url.php(2)
VQModObject::applyMod - SEARCH NOT FOUND (ABORTING MOD): if (($data['route'] == 'product/product' && $key == 'product_id') || (($data['route'] == 'product/manufacturer/info' || $data['route'] == 'product/product') && $key == 'manufacturer_id') || ($data['route'] == 'information/information' && $key == 'information_id')) {

----------------------------------------------------------------------


